<?xml version="1.0" encoding="UTF-8"?>
<testng-results skipped="0" failed="0" ignored="0" total="2" passed="2">
  <reporter-output>
  </reporter-output>
  <suite name="Default suite" duration-ms="51137" started-at="2020-12-14T20:29:47Z" finished-at="2020-12-14T20:30:38Z">
    <groups>
    </groups>
    <test name="Default test" duration-ms="51137" started-at="2020-12-14T20:29:47Z" finished-at="2020-12-14T20:30:38Z">
      <class name="com.ip.crm.TestBase">
        <test-method status="PASS" signature="basicsSetup()[pri:0, instance:com.ip.crm.TestBase@ff5b51f]" name="basicsSetup" is-config="true" duration-ms="35847" started-at="2020-12-14T20:29:47Z" finished-at="2020-12-14T20:30:23Z">
          <reporter-output>
          </reporter-output>
        </test-method> <!-- basicsSetup -->
        <test-method status="PASS" signature="home()[pri:0, instance:com.ip.crm.TestBase@ff5b51f]" name="home" duration-ms="11050" started-at="2020-12-14T20:30:23Z" finished-at="2020-12-14T20:30:34Z">
          <reporter-output>
          </reporter-output>
        </test-method> <!-- home -->
        <test-method status="PASS" signature="logout()[pri:1, instance:com.ip.crm.TestBase@ff5b51f]" name="logout" duration-ms="2186" started-at="2020-12-14T20:30:34Z" finished-at="2020-12-14T20:30:36Z">
          <reporter-output>
          </reporter-output>
        </test-method> <!-- logout -->
        <test-method status="PASS" signature="tearDown()[pri:0, instance:com.ip.crm.TestBase@ff5b51f]" name="tearDown" is-config="true" duration-ms="1974" started-at="2020-12-14T20:30:36Z" finished-at="2020-12-14T20:30:38Z">
          <reporter-output>
          </reporter-output>
        </test-method> <!-- tearDown -->
      </class> <!-- com.ip.crm.TestBase -->
    </test> <!-- Default test -->
  </suite> <!-- Default suite -->
</testng-results>
